<?xml version="1.0" encoding="UTF-8"?>
<!-- Generated by org.testng.reporters.JUnitReportReporter -->
<testsuite hostname="KHALEEL-VAIO" name="Git.Git.test" tests="1" failures="0" timestamp="16 Apr 2015 10:29:47 GMT" time="0.386" errors="0">
  <testcase name="google" time="0.386" classname="Git.Git.test"/>
</testsuite> <!-- Git.Git.test -->
